<?xml version="1.0" encoding="utf-8"?><testsuites name="pytest tests"><testsuite name="pytest" errors="0" failures="1" skipped="0" tests="8" time="9.685" timestamp="2026-09-02T08:08:56.955219+00:00" hostname="agent-env-dc1d8f6b-d878-4610-b01d-4bf906b52efd"><testcase classname="tests.test_iter9_extras" name="test_cross_tenant_campaign_returns_404_everywhere" time="1.723"><failure message="AssertionError: POST /campaigns/1eef8ecb-1cdc-4b2d-9b69-6782d0e987c6/confirm expected 404, got 400: {&quot;detail&quot;:&quot;Send a test email before confirming&quot;}&#10;assert 400 == 404&#10; +  where 400 = &lt;Response [400]&gt;.status_code">backend/tests/test_iter9_extras.py:71: in test_cross_tenant_campaign_returns_404_everywhere
    assert r.status_code == 404, f"POST {path} expected 404, got {r.status_code}: {r.text[:120]}"
E   AssertionError: POST /campaigns/1eef8ecb-1cdc-4b2d-9b69-6782d0e987c6/confirm expected 404, got 400: {"detail":"Send a test email before confirming"}
E   assert 400 == 404
E    +  where 400 = &lt;Response [400]&gt;.status_code</failure></testcase><testcase classname="tests.test_iter9_extras" name="test_send_requires_test_and_confirm_in_order" time="1.330" /><testcase classname="tests.test_iter9_extras" name="test_csv_validation_valid_invalid_and_dupe_counts" time="0.609" /><testcase classname="tests.test_iter9_extras" name="test_csv_accepts_exactly_500" time="0.515" /><testcase classname="tests.test_iter9_extras" name="test_personal_mailbox_returns_coming_soon_400" time="0.502" /><testcase classname="tests.test_iter9_extras" name="test_seeded_suppression_marks_recipient_suppressed" time="1.945" /><testcase classname="tests.test_iter9_extras" name="test_recipients_filter_by_status" time="1.944" /><testcase classname="tests.test_iter9_extras" name="test_single_mail_mock_returns_mock_pmid" time="0.496" /></testsuite></testsuites>