<?xml version="1.0" encoding="utf-8"?><testsuites name="pytest tests"><testsuite name="pytest" errors="0" failures="0" skipped="2" tests="13" time="4.034" timestamp="2026-09-02T07:52:51.559737+00:00" hostname="agent-env-dc1d8f6b-d878-4610-b01d-4bf906b52efd"><testcase classname="tests.test_sec_audit.TestSEC001WebhookFailClosed" name="test_no_headers_401" time="0.273" /><testcase classname="tests.test_sec_audit.TestRegression" name="test_full_happy_path" time="0.000"><skipped type="pytest.skip" message="Needs mock provider">/app/backend/tests/test_sec_audit.py:310: Needs mock provider</skipped></testcase><testcase classname="tests.test_sec_audit.TestRegression" name="test_unsubscribe_bad_token" time="0.267" /><testcase classname="tests.test_sec_audit.TestRegression" name="test_unsubscribe_good_token" time="0.356" /><testcase classname="tests.test_sec_audit.TestSEC001WebhookFailClosed" name="test_wrong_secret_401" time="0.120" /><testcase classname="tests.test_sec_audit.TestSEC001WebhookFailClosed" name="test_malformed_svix_signature_401" time="0.126" /><testcase classname="tests.test_sec_audit.TestSEC001WebhookFailClosed" name="test_no_suppression_or_recipient_side_effect_after_401" time="0.017" /><testcase classname="tests.test_sec_audit.TestSEC001WebhookFailClosed" name="test_correct_shared_secret_processes_complaint" time="0.128" /><testcase classname="tests.test_sec_audit.TestSEC004UploadCap" name="test_reject_1mb_csv_with_413" time="1.103" /><testcase classname="tests.test_sec_audit.TestSEC001WebhookFailClosed" name="test_correct_shared_secret_updates_recipient_bounced" time="0.616" /><testcase classname="tests.test_sec_audit.TestSEC002DomainOwnership" name="test_cross_tenant_domain_isolation" time="1.620" /><testcase classname="tests.test_sec_audit.TestSEC004UploadCap" name="test_accept_small_csv" time="0.641" /><testcase classname="tests.test_sec_audit.TestSEC003SuppressionScope" name="test_suppression_scoped_per_user" time="0.000"><skipped type="pytest.skip" message="Requires EMAIL_PROVIDER=mock for send-loop">/app/backend/tests/test_sec_audit.py:189: Requires EMAIL_PROVIDER=mock for send-loop</skipped></testcase></testsuite></testsuites>