<?xml version="1.0" encoding="utf-8"?><testsuites name="pytest tests"><testsuite name="pytest" errors="0" failures="0" skipped="1" tests="7" time="4.513" timestamp="2026-09-02T07:31:26.249183+00:00" hostname="agent-env-dc1d8f6b-d878-4610-b01d-4bf906b52efd"><testcase classname="tests.backend_test" name="test_register_login_me_and_401" time="0.900" /><testcase classname="tests.backend_test" name="test_provider_error_returns_json_400_not_502" time="0.616" /><testcase classname="tests.backend_test" name="test_campaign_rejects_over_500_recipients" time="0.441" /><testcase classname="tests.backend_test" name="test_bulk_send_blocked_until_test_and_confirm" time="0.499" /><testcase classname="tests.backend_test" name="test_full_bulk_happy_path_with_progress_and_webhooks" time="0.000"><skipped type="pytest.skip" message="Full send loop requires EMAIL_PROVIDER=mock">/app/backend/tests/backend_test.py:121: Full send loop requires EMAIL_PROVIDER=mock</skipped></testcase><testcase classname="tests.backend_test" name="test_unsubscribe_hmac_flow" time="0.575" /><testcase classname="tests.backend_test" name="test_no_resend_key_in_frontend_bundle" time="1.015" /></testsuite></testsuites>