<?xml version="1.0" encoding="utf-8"?><testsuites name="pytest tests"><testsuite name="pytest" errors="0" failures="0" skipped="1" tests="7" time="9.225" timestamp="2026-09-02T06:46:48.166358+00:00" hostname="agent-env-dc1d8f6b-d878-4610-b01d-4bf906b52efd"><testcase classname="tests.backend_test" name="test_register_login_me_and_401" time="0.990" /><testcase classname="tests.backend_test" name="test_provider_error_returns_json_400_not_502" time="0.000"><skipped type="pytest.skip" message="Provider error mapping only runs with EMAIL_PROVIDER=resend">/app/backend/tests/backend_test.py:73: Provider error mapping only runs with EMAIL_PROVIDER=resend</skipped></testcase><testcase classname="tests.backend_test" name="test_campaign_rejects_over_500_recipients" time="0.401" /><testcase classname="tests.backend_test" name="test_bulk_send_blocked_until_test_and_confirm" time="0.599" /><testcase classname="tests.backend_test" name="test_full_bulk_happy_path_with_progress_and_webhooks" time="5.814" /><testcase classname="tests.backend_test" name="test_unsubscribe_hmac_flow" time="0.492" /><testcase classname="tests.backend_test" name="test_no_resend_key_in_frontend_bundle" time="0.466" /></testsuite></testsuites>