<?xml version="1.0" encoding="utf-8"?><testsuites name="pytest tests"><testsuite name="pytest" errors="0" failures="0" skipped="3" tests="20" time="6.729" timestamp="2026-09-02T08:05:23.389188+00:00" hostname="agent-env-dc1d8f6b-d878-4610-b01d-4bf906b52efd"><testcase classname="tests.test_sec_audit.TestSEC001WebhookFailClosed" name="test_no_headers_401" time="0.459" /><testcase classname="tests.backend_test" name="test_register_login_me_and_401" time="1.148" /><testcase classname="tests.test_sec_audit.TestSEC001WebhookFailClosed" name="test_wrong_secret_401" time="0.156" /><testcase classname="tests.test_sec_audit.TestSEC001WebhookFailClosed" name="test_malformed_svix_signature_401" time="0.362" /><testcase classname="tests.test_sec_audit.TestSEC001WebhookFailClosed" name="test_no_suppression_or_recipient_side_effect_after_401" time="0.024" /><testcase classname="tests.test_sec_audit.TestSEC001WebhookFailClosed" name="test_correct_shared_secret_processes_complaint" time="0.219" /><testcase classname="tests.backend_test" name="test_provider_error_returns_json_400_not_502" time="0.833" /><testcase classname="tests.test_sec_audit.TestSEC001WebhookFailClosed" name="test_correct_shared_secret_updates_recipient_bounced" time="0.692" /><testcase classname="tests.test_sec_audit.TestRegression" name="test_full_happy_path" time="0.001"><skipped type="pytest.skip" message="Needs mock provider">/app/backend/tests/test_sec_audit.py:310: Needs mock provider</skipped></testcase><testcase classname="tests.test_sec_audit.TestRegression" name="test_unsubscribe_bad_token" time="0.134" /><testcase classname="tests.backend_test" name="test_campaign_rejects_over_500_recipients" time="0.441" /><testcase classname="tests.test_sec_audit.TestRegression" name="test_unsubscribe_good_token" time="0.434" /><testcase classname="tests.backend_test" name="test_bulk_send_blocked_until_test_and_confirm" time="0.773" /><testcase classname="tests.test_sec_audit.TestSEC004UploadCap" name="test_reject_1mb_csv_with_413" time="0.832" /><testcase classname="tests.backend_test" name="test_full_bulk_happy_path_with_progress_and_webhooks" time="0.000"><skipped type="pytest.skip" message="Full send loop requires EMAIL_PROVIDER=mock">/app/backend/tests/backend_test.py:121: Full send loop requires EMAIL_PROVIDER=mock</skipped></testcase><testcase classname="tests.backend_test" name="test_unsubscribe_hmac_flow" time="0.625" /><testcase classname="tests.test_sec_audit.TestSEC004UploadCap" name="test_accept_small_csv" time="0.513" /><testcase classname="tests.backend_test" name="test_no_resend_key_in_frontend_bundle" time="0.662" /><testcase classname="tests.test_sec_audit.TestSEC002DomainOwnership" name="test_cross_tenant_domain_isolation" time="1.666" /><testcase classname="tests.test_sec_audit.TestSEC003SuppressionScope" name="test_suppression_scoped_per_user" time="0.000"><skipped type="pytest.skip" message="Requires EMAIL_PROVIDER=mock for send-loop">/app/backend/tests/test_sec_audit.py:189: Requires EMAIL_PROVIDER=mock for send-loop</skipped></testcase></testsuite></testsuites>