<?xml version="1.0" encoding="utf-8"?><testsuites name="pytest tests"><testsuite name="pytest" errors="0" failures="0" skipped="1" tests="13" time="7.425" timestamp="2026-09-02T07:53:11.706876+00:00" hostname="agent-env-dc1d8f6b-d878-4610-b01d-4bf906b52efd"><testcase classname="tests.test_sec_audit.TestRegression" name="test_full_happy_path" time="1.996" /><testcase classname="tests.test_sec_audit.TestSEC001WebhookFailClosed" name="test_no_headers_401" time="0.158" /><testcase classname="tests.test_sec_audit.TestSEC001WebhookFailClosed" name="test_wrong_secret_401" time="0.278" /><testcase classname="tests.test_sec_audit.TestSEC001WebhookFailClosed" name="test_malformed_svix_signature_401" time="0.116" /><testcase classname="tests.test_sec_audit.TestSEC001WebhookFailClosed" name="test_no_suppression_or_recipient_side_effect_after_401" time="0.007" /><testcase classname="tests.test_sec_audit.TestSEC001WebhookFailClosed" name="test_correct_shared_secret_processes_complaint" time="0.128" /><testcase classname="tests.test_sec_audit.TestSEC001WebhookFailClosed" name="test_correct_shared_secret_updates_recipient_bounced" time="0.546" /><testcase classname="tests.test_sec_audit.TestSEC004UploadCap" name="test_reject_1mb_csv_with_413" time="0.693" /><testcase classname="tests.test_sec_audit.TestSEC004UploadCap" name="test_accept_small_csv" time="0.507" /><testcase classname="tests.test_sec_audit.TestRegression" name="test_unsubscribe_bad_token" time="0.291" /><testcase classname="tests.test_sec_audit.TestRegression" name="test_unsubscribe_good_token" time="0.257" /><testcase classname="tests.test_sec_audit.TestSEC002DomainOwnership" name="test_cross_tenant_domain_isolation" time="0.000"><skipped type="pytest.skip" message="Requires EMAIL_PROVIDER=resend">/app/backend/tests/test_sec_audit.py:138: Requires EMAIL_PROVIDER=resend</skipped></testcase><testcase classname="tests.test_sec_audit.TestSEC003SuppressionScope" name="test_suppression_scoped_per_user" time="3.843" /></testsuite></testsuites>