<?xml version="1.0" encoding="utf-8"?><testsuites name="pytest tests"><testsuite name="pytest" errors="0" failures="0" skipped="0" tests="4" time="2.524" timestamp="2026-09-02T05:40:59.871885+00:00" hostname="agent-env-dc1d8f6b-d878-4610-b01d-4bf906b52efd"><testcase classname="tests.backend_test" name="test_auth_and_protected_flow" time="0.467" /><testcase classname="tests.backend_test" name="test_mocked_single_and_test_mail" time="0.532" /><testcase classname="tests.backend_test" name="test_campaign_validation_preview_test_confirm_send" time="0.637" /><testcase classname="tests.backend_test" name="test_campaign_rejects_over_limit" time="0.382" /></testsuite></testsuites>