<?xml version="1.0" encoding="utf-8"?><testsuites name="pytest tests"><testsuite name="pytest" errors="0" failures="0" skipped="2" tests="20" time="9.986" timestamp="2026-09-02T08:07:49.763709+00:00" hostname="agent-env-dc1d8f6b-d878-4610-b01d-4bf906b52efd"><testcase classname="tests.test_sec_audit.TestSEC001WebhookFailClosed" name="test_no_headers_401" time="0.299" /><testcase classname="tests.backend_test" name="test_register_login_me_and_401" time="1.113" /><testcase classname="tests.test_sec_audit.TestSEC001WebhookFailClosed" name="test_wrong_secret_401" time="0.273" /><testcase classname="tests.test_sec_audit.TestSEC001WebhookFailClosed" name="test_malformed_svix_signature_401" time="0.134" /><testcase classname="tests.test_sec_audit.TestSEC001WebhookFailClosed" name="test_no_suppression_or_recipient_side_effect_after_401" time="0.007" /><testcase classname="tests.test_sec_audit.TestSEC001WebhookFailClosed" name="test_correct_shared_secret_processes_complaint" time="0.289" /><testcase classname="tests.test_sec_audit.TestSEC001WebhookFailClosed" name="test_correct_shared_secret_updates_recipient_bounced" time="0.630" /><testcase classname="tests.backend_test" name="test_provider_error_returns_json_400_not_502" time="0.000"><skipped type="pytest.skip" message="Provider error mapping only runs with EMAIL_PROVIDER=resend">/app/backend/tests/backend_test.py:75: Provider error mapping only runs with EMAIL_PROVIDER=resend</skipped></testcase><testcase classname="tests.backend_test" name="test_campaign_rejects_over_500_recipients" time="0.577" /><testcase classname="tests.test_sec_audit.TestRegression" name="test_full_happy_path" time="1.874" /><testcase classname="tests.backend_test" name="test_bulk_send_blocked_until_test_and_confirm" time="0.760" /><testcase classname="tests.backend_test" name="test_full_bulk_happy_path_with_progress_and_webhooks" time="5.030" /><testcase classname="tests.test_sec_audit.TestRegression" name="test_unsubscribe_bad_token" time="0.105" /><testcase classname="tests.test_sec_audit.TestRegression" name="test_unsubscribe_good_token" time="0.285" /><testcase classname="tests.test_sec_audit.TestSEC004UploadCap" name="test_reject_1mb_csv_with_413" time="0.745" /><testcase classname="tests.test_sec_audit.TestSEC004UploadCap" name="test_accept_small_csv" time="0.479" /><testcase classname="tests.test_sec_audit.TestSEC002DomainOwnership" name="test_cross_tenant_domain_isolation" time="0.000"><skipped type="pytest.skip" message="Requires EMAIL_PROVIDER=resend">/app/backend/tests/test_sec_audit.py:138: Requires EMAIL_PROVIDER=resend</skipped></testcase><testcase classname="tests.test_sec_audit.TestSEC003SuppressionScope" name="test_suppression_scoped_per_user" time="4.094" /><testcase classname="tests.backend_test" name="test_unsubscribe_hmac_flow" time="0.568" /><testcase classname="tests.backend_test" name="test_no_resend_key_in_frontend_bundle" time="0.537" /></testsuite></testsuites>