<?xml version="1.0" encoding="utf-8"?><testsuites name="pytest tests"><testsuite name="pytest" errors="2" failures="0" skipped="0" tests="2" time="0.537" timestamp="2026-09-02T06:17:27.120900+00:00" hostname="agent-env-dc1d8f6b-d878-4610-b01d-4bf906b52efd"><testcase classname="" name="tests.backend_test" time="0.000"><error message="collection failure">backend/tests/backend_test.py:6: in &lt;module&gt;
    BASE_URL = os.environ.get("REACT_APP_BACKEND_URL").rstrip("/")
               ^^^^^^^^^^^^^^^^^^^^^^^^^^^^^^^^^^^^^^^^^^^^^^
E   AttributeError: 'NoneType' object has no attribute 'rstrip'</error><error message="collection failure">backend/tests/backend_test.py:6: in &lt;module&gt;
    BASE_URL = os.environ.get("REACT_APP_BACKEND_URL").rstrip("/")
               ^^^^^^^^^^^^^^^^^^^^^^^^^^^^^^^^^^^^^^^^^^^^^^
E   AttributeError: 'NoneType' object has no attribute 'rstrip'</error></testcase></testsuite></testsuites>